2012/04/17 12:56:18 [warning] [application] .
in /var/www/galery/protected/models/Albums.php (145)
in /var/www/galery/protected/controllers/AlbumsController.php (119)
in /var/www/galery/index.php (13)
2012/04/17 12:56:18 [error] [php] unlink(images/16/30/.): Is a directory (/var/www/galery/protected/models/Albums.php:146)
Stack trace:
#0 unknown(0): AlbumsController->actionDelete()
#1 /var/www/yii/framework/web/actions/CAction.php(107): ReflectionMethod->invokeArgs()
#2 /var/www/yii/framework/web/actions/CInlineAction.php(48): CInlineAction->runWithParamsInternal()
#3 /var/www/yii/framework/web/CController.php(309): CInlineAction->runWithParams()
#4 /var/www/yii/framework/web/filters/CFilterChain.php(134): AlbumsController->runAction()
#5 /var/www/yii/framework/web/filters/CFilter.php(41): CFilterChain->run()
#6 /var/www/yii/framework/web/CController.php(1146): CAccessControlFilter->filter()
#7 /var/www/yii/framework/web/filters/CInlineFilter.php(59): AlbumsController->filterAccessControl()
#8 /var/www/yii/framework/web/filters/CFilterChain.php(131): CInlineFilter->filter()
#9 /var/www/yii/framework/web/CController.php(292): CFilterChain->run()
#10 /var/www/yii/framework/web/CController.php(266): AlbumsController->runActionWithFilters()
#11 /var/www/yii/framework/web/CWebApplication.php(276): AlbumsController->run()
#12 /var/www/yii/framework/web/CWebApplication.php(135): CWebApplication->runController()
#13 /var/www/yii/framework/base/CApplication.php(162): CWebApplication->processRequest()
#14 /var/www/galery/index.php(13): CWebApplication->run()
REQUEST_URI=/galery/index.php?r=albums%2Fdelete&id=30&ajax=albums-grid
in /var/www/galery/protected/models/Albums.php (146)
in /var/www/galery/protected/controllers/AlbumsController.php (119)
in /var/www/galery/index.php (13)
2012/04/17 19:24:35 [error] [exception.CDbException] exception 'CDbException' with message 'CDbConnection failed to open the DB connection: SQLSTATE[28000] [1045] Access denied for user 'root'@'localhost' (using password: YES)' in Z:\home\galery\www\yii\framework\db\CDbConnection.php:382
Stack trace:
#0 Z:\home\galery\www\yii\framework\db\CDbConnection.php(331): CDbConnection->open()
#1 Z:\home\galery\www\yii\framework\db\CDbConnection.php(309): CDbConnection->setActive(true)
#2 Z:\home\galery\www\yii\framework\base\CModule.php(388): CDbConnection->init()
#3 Z:\home\galery\www\yii\framework\base\CApplication.php(431): CModule->getComponent('db')
#4 Z:\home\galery\www\yii\framework\db\ar\CActiveRecord.php(615): CApplication->getDb()
#5 Z:\home\galery\www\yii\framework\db\ar\CActiveRecord.php(2263): CActiveRecord->getDbConnection()
#6 Z:\home\galery\www\yii\framework\db\ar\CActiveRecord.php(379): CActiveRecordMetaData->__construct(Object(Users))
#7 Z:\home\galery\www\galery\protected\models\Users.php(22): CActiveRecord::model('Users')
#8 Z:\home\galery\www\galery\protected\controllers\SiteController.php(36): Users::model()
#9 Z:\home\galery\www\yii\framework\web\actions\CInlineAction.php(50): SiteController->actionIndex()
#10 Z:\home\galery\www\yii\framework\web\CController.php(309): CInlineAction->runWithParams(Array)
#11 Z:\home\galery\www\yii\framework\web\CController.php(287): CController->runAction(Object(CInlineAction))
#12 Z:\home\galery\www\yii\framework\web\CController.php(266): CController->runActionWithFilters(Object(CInlineAction), Array)
#13 Z:\home\galery\www\yii\framework\web\CWebApplication.php(276): CController->run('')
#14 Z:\home\galery\www\yii\framework\web\CWebApplication.php(135): CWebApplication->runController('')
#15 Z:\home\galery\www\yii\framework\base\CApplication.php(162): CWebApplication->processRequest()
#16 Z:\home\galery\www\galery\index.php(13): CApplication->run()
#17 {main}
REQUEST_URI=/galery/
HTTP_REFERER=http://galery/
---
2012/04/18 11:59:24 [error] [exception.CHttpException.403] exception 'CHttpException' with message 'You are not authorized to perform this action.' in Z:\home\galery\www\yii\framework\web\auth\CAccessControlFilter.php:157
Stack trace:
#0 Z:\home\galery\www\yii\framework\web\auth\CAccessControlFilter.php(120): CAccessControlFilter->accessDenied(Object(CWebUser), 'You are not aut...')
#1 Z:\home\galery\www\yii\framework\web\filters\CFilter.php(39): CAccessControlFilter->preFilter(Object(CFilterChain))
#2 Z:\home\galery\www\yii\framework\web\CController.php(1146): CFilter->filter(Object(CFilterChain))
#3 Z:\home\galery\www\yii\framework\web\filters\CInlineFilter.php(59): CController->filterAccessControl(Object(CFilterChain))
#4 Z:\home\galery\www\yii\framework\web\filters\CFilterChain.php(131): CInlineFilter->filter(Object(CFilterChain))
#5 Z:\home\galery\www\yii\framework\web\CController.php(292): CFilterChain->run()
#6 Z:\home\galery\www\yii\framework\web\CController.php(266): CController->runActionWithFilters(Object(CInlineAction), Array)
#7 Z:\home\galery\www\yii\framework\web\CWebApplication.php(276): CController->run('upload')
#8 Z:\home\galery\www\yii\framework\web\CWebApplication.php(135): CWebApplication->runController('albums/upload')
#9 Z:\home\galery\www\yii\framework\base\CApplication.php(162): CWebApplication->processRequest()
#10 Z:\home\galery\www\galery\index.php(14): CApplication->run()
#11 {main}
REQUEST_URI=/galery/index.php?r=albums/upload&id=15
HTTP_REFERER=http://galery/galery/index.php?r=albums/view&id=15
---
2012/04/18 12:01:11 [error] [php] include(CHmtl.php) [<a href='function.include'>function.include</a>]: failed to open stream: No such file or directory (Z:\home\galery\www\yii\framework\YiiBase.php:418)
Stack trace:
#0 Z:\home\galery\www\galery\protected\views\albums\upload.php(5): spl_autoload_call()
#1 Z:\home\galery\www\yii\framework\web\CBaseController.php(127): require()
#2 Z:\home\galery\www\yii\framework\web\CBaseController.php(96): AlbumsController->renderInternal()
#3 Z:\home\galery\www\yii\framework\web\CController.php(870): AlbumsController->renderFile()
#4 Z:\home\galery\www\yii\framework\web\CController.php(783): AlbumsController->renderPartial()
#5 Z:\home\galery\www\galery\protected\controllers\AlbumsController.php(186): AlbumsController->render()
#6 unknown(0): AlbumsController->actionUpload()
#7 Z:\home\galery\www\yii\framework\web\actions\CAction.php(107): ReflectionMethod->invokeArgs()
#8 Z:\home\galery\www\yii\framework\web\actions\CInlineAction.php(48): CInlineAction->runWithParamsInternal()
#9 Z:\home\galery\www\yii\framework\web\CController.php(309): CInlineAction->runWithParams()
#10 Z:\home\galery\www\yii\framework\web\filters\CFilterChain.php(134): AlbumsController->runAction()
#11 Z:\home\galery\www\yii\framework\web\filters\CFilter.php(41): CFilterChain->run()
#12 Z:\home\galery\www\yii\framework\web\CController.php(1146): CAccessControlFilter->filter()
#13 Z:\home\galery\www\yii\framework\web\filters\CInlineFilter.php(59): AlbumsController->filterAccessControl()
#14 Z:\home\galery\www\yii\framework\web\filters\CFilterChain.php(131): CInlineFilter->filter()
#15 Z:\home\galery\www\yii\framework\web\CController.php(292): CFilterChain->run()
#16 Z:\home\galery\www\yii\framework\web\CController.php(266): AlbumsController->runActionWithFilters()
#17 Z:\home\galery\www\yii\framework\web\CWebApplication.php(276): AlbumsController->run()
#18 Z:\home\galery\www\yii\framework\web\CWebApplication.php(135): CWebApplication->runController()
#19 Z:\home\galery\www\yii\framework\base\CApplication.php(162): CWebApplication->processRequest()
#20 Z:\home\galery\www\galery\index.php(14): CWebApplication->run()
REQUEST_URI=/galery/index.php?r=albums/upload&id=15
in Z:\home\galery\www\galery\protected\views\albums\upload.php (5)
in Z:\home\galery\www\galery\protected\controllers\AlbumsController.php (186)
in Z:\home\galery\www\galery\index.php (14)
2012/04/18 12:29:24 [error] [exception.CException] exception 'CException' with message 'Property "CActiveForm.item" is not defined.' in Z:\home\galery\www\yii\framework\base\CComponent.php:174
Stack trace:
#0 Z:\home\galery\www\yii\framework\web\CWidgetFactory.php(162): CComponent->__set('item', 'upload-form')
#1 Z:\home\galery\www\yii\framework\web\CBaseController.php(147): CWidgetFactory->createWidget(Object(AlbumsController), 'CActiveForm', Array)
#2 Z:\home\galery\www\yii\framework\web\CBaseController.php(190): CBaseController->createWidget('CActiveForm', Array)
#3 Z:\home\galery\www\galery\protected\views\albums\_upload.php(5): CBaseController->beginWidget('CActiveForm', Array)
#4 Z:\home\galery\www\yii\framework\web\CBaseController.php(127): require('Z:\home\galery\...')
#5 Z:\home\galery\www\yii\framework\web\CBaseController.php(96): CBaseController->renderInternal('Z:\home\galery\...', Array, true)
#6 Z:\home\galery\www\yii\framework\web\CController.php(870): CBaseController->renderFile('Z:\home\galery\...', Array, true)
#7 Z:\home\galery\www\galery\protected\views\albums\upload.php(6): CController->renderPartial('/albums/_upload', Array)
#8 Z:\home\galery\www\yii\framework\web\CBaseController.php(127): require('Z:\home\galery\...')
#9 Z:\home\galery\www\yii\framework\web\CBaseController.php(96): CBaseController->renderInternal('Z:\home\galery\...', Array, true)
#10 Z:\home\galery\www\yii\framework\web\CController.php(870): CBaseController->renderFile('Z:\home\galery\...', Array, true)
#11 Z:\home\galery\www\yii\framework\web\CController.php(783): CController->renderPartial('upload', Array, true)
#12 Z:\home\galery\www\galery\protected\controllers\AlbumsController.php(186): CController->render('upload', Array)
#13 [internal function]: AlbumsController->actionUpload('15')
#14 Z:\home\galery\www\yii\framework\web\actions\CAction.php(107): ReflectionMethod->invokeArgs(Object(AlbumsController), Array)
#15 Z:\home\galery\www\yii\framework\web\actions\CInlineAction.php(48): CAction->runWithParamsInternal(Object(AlbumsController), Object(ReflectionMethod), Array)
#16 Z:\home\galery\www\yii\framework\web\CController.php(309): CInlineAction->runWithParams(Array)
#17 Z:\home\galery\www\yii\framework\web\filters\CFilterChain.php(134): CController->runAction(Object(CInlineAction))
#18 Z:\home\galery\www\yii\framework\web\filters\CFilter.php(41): CFilterChain->run()
#19 Z:\home\galery\www\yii\framework\web\CController.php(1146): CFilter->filter(Object(CFilterChain))
#20 Z:\home\galery\www\yii\framework\web\filters\CInlineFilter.php(59): CController->filterAccessControl(Object(CFilterChain))
#21 Z:\home\galery\www\yii\framework\web\filters\CFilterChain.php(131): CInlineFilter->filter(Object(CFilterChain))
#22 Z:\home\galery\www\yii\framework\web\CController.php(292): CFilterChain->run()
#23 Z:\home\galery\www\yii\framework\web\CController.php(266): CController->runActionWithFilters(Object(CInlineAction), Array)
#24 Z:\home\galery\www\yii\framework\web\CWebApplication.php(276): CController->run('upload')
#25 Z:\home\galery\www\yii\framework\web\CWebApplication.php(135): CWebApplication->runController('albums/upload')
#26 Z:\home\galery\www\yii\framework\base\CApplication.php(162): CWebApplication->processRequest()
#27 Z:\home\galery\www\galery\index.php(14): CApplication->run()
#28 {main}
REQUEST_URI=/galery/index.php?r=albums/upload&id=15
HTTP_REFERER=http://galery/galery/index.php?r=albums/view&id=15
---
2012/04/18 12:29:34 [error] [exception.CException] exception 'CException' with message 'AlbumsController contains improperly nested widget tags in its view "Z:\home\galery\www\galery\protected\views/albums/_upload.php". A CActiveForm widget does not have an endWidget() call.' in Z:\home\galery\www\yii\framework\web\CBaseController.php:102
Stack trace:
#0 Z:\home\galery\www\yii\framework\web\CController.php(870): CBaseController->renderFile('Z:\home\galery\...', Array, true)
#1 Z:\home\galery\www\galery\protected\views\albums\upload.php(6): CController->renderPartial('/albums/_upload', Array)
#2 Z:\home\galery\www\yii\framework\web\CBaseController.php(127): require('Z:\home\galery\...')
#3 Z:\home\galery\www\yii\framework\web\CBaseController.php(96): CBaseController->renderInternal('Z:\home\galery\...', Array, true)
#4 Z:\home\galery\www\yii\framework\web\CController.php(870): CBaseController->renderFile('Z:\home\galery\...', Array, true)
#5 Z:\home\galery\www\yii\framework\web\CController.php(783): CController->renderPartial('upload', Array, true)
#6 Z:\home\galery\www\galery\protected\controllers\AlbumsController.php(186): CController->render('upload', Array)
#7 [internal function]: AlbumsController->actionUpload('15')
#8 Z:\home\galery\www\yii\framework\web\actions\CAction.php(107): ReflectionMethod->invokeArgs(Object(AlbumsController), Array)
#9 Z:\home\galery\www\yii\framework\web\actions\CInlineAction.php(48): CAction->runWithParamsInternal(Object(AlbumsController), Object(ReflectionMethod), Array)
#10 Z:\home\galery\www\yii\framework\web\CController.php(309): CInlineAction->runWithParams(Array)
#11 Z:\home\galery\www\yii\framework\web\filters\CFilterChain.php(134): CController->runAction(Object(CInlineAction))
#12 Z:\home\galery\www\yii\framework\web\filters\CFilter.php(41): CFilterChain->run()
#13 Z:\home\galery\www\yii\framework\web\CController.php(1146): CFilter->filter(Object(CFilterChain))
#14 Z:\home\galery\www\yii\framework\web\filters\CInlineFilter.php(59): CController->filterAccessControl(Object(CFilterChain))
#15 Z:\home\galery\www\yii\framework\web\filters\CFilterChain.php(131): CInlineFilter->filter(Object(CFilterChain))
#16 Z:\home\galery\www\yii\framework\web\CController.php(292): CFilterChain->run()
#17 Z:\home\galery\www\yii\framework\web\CController.php(266): CController->runActionWithFilters(Object(CInlineAction), Array)
#18 Z:\home\galery\www\yii\framework\web\CWebApplication.php(276): CController->run('upload')
#19 Z:\home\galery\www\yii\framework\web\CWebApplication.php(135): CWebApplication->runController('albums/upload')
#20 Z:\home\galery\www\yii\framework\base\CApplication.php(162): CWebApplication->processRequest()
#21 Z:\home\galery\www\galery\index.php(14): CApplication->run()
#22 {main}
REQUEST_URI=/galery/index.php?r=albums/upload&id=15
HTTP_REFERER=http://galery/galery/index.php?r=albums/view&id=15
---
2012/04/18 12:30:02 [error] [exception.CException] exception 'CException' with message 'CActiveForm has an extra endWidget() call in its view.' in Z:\home\galery\www\yii\framework\web\CBaseController.php:211
Stack trace:
#0 Z:\home\galery\www\galery\protected\views\albums\_upload.php(12): CBaseController->endWidget()
#1 Z:\home\galery\www\yii\framework\web\CBaseController.php(127): require('Z:\home\galery\...')
#2 Z:\home\galery\www\yii\framework\web\CBaseController.php(96): CBaseController->renderInternal('Z:\home\galery\...', Array, true)
#3 Z:\home\galery\www\yii\framework\web\CController.php(870): CBaseController->renderFile('Z:\home\galery\...', Array, true)
#4 Z:\home\galery\www\galery\protected\views\albums\upload.php(6): CController->renderPartial('/albums/_upload', Array)
#5 Z:\home\galery\www\yii\framework\web\CBaseController.php(127): require('Z:\home\galery\...')
#6 Z:\home\galery\www\yii\framework\web\CBaseController.php(96): CBaseController->renderInternal('Z:\home\galery\...', Array, true)
#7 Z:\home\galery\www\yii\framework\web\CController.php(870): CBaseController->renderFile('Z:\home\galery\...', Array, true)
#8 Z:\home\galery\www\yii\framework\web\CController.php(783): CController->renderPartial('upload', Array, true)
#9 Z:\home\galery\www\galery\protected\controllers\AlbumsController.php(186): CController->render('upload', Array)
#10 [internal function]: AlbumsController->actionUpload('15')
#11 Z:\home\galery\www\yii\framework\web\actions\CAction.php(107): ReflectionMethod->invokeArgs(Object(AlbumsController), Array)
#12 Z:\home\galery\www\yii\framework\web\actions\CInlineAction.php(48): CAction->runWithParamsInternal(Object(AlbumsController), Object(ReflectionMethod), Array)
#13 Z:\home\galery\www\yii\framework\web\CController.php(309): CInlineAction->runWithParams(Array)
#14 Z:\home\galery\www\yii\framework\web\filters\CFilterChain.php(134): CController->runAction(Object(CInlineAction))
#15 Z:\home\galery\www\yii\framework\web\filters\CFilter.php(41): CFilterChain->run()
#16 Z:\home\galery\www\yii\framework\web\CController.php(1146): CFilter->filter(Object(CFilterChain))
#17 Z:\home\galery\www\yii\framework\web\filters\CInlineFilter.php(59): CController->filterAccessControl(Object(CFilterChain))
#18 Z:\home\galery\www\yii\framework\web\filters\CFilterChain.php(131): CInlineFilter->filter(Object(CFilterChain))
#19 Z:\home\galery\www\yii\framework\web\CController.php(292): CFilterChain->run()
#20 Z:\home\galery\www\yii\framework\web\CController.php(266): CController->runActionWithFilters(Object(CInlineAction), Array)
#21 Z:\home\galery\www\yii\framework\web\CWebApplication.php(276): CController->run('upload')
#22 Z:\home\galery\www\yii\framework\web\CWebApplication.php(135): CWebApplication->runController('albums/upload')
#23 Z:\home\galery\www\yii\framework\base\CApplication.php(162): CWebApplication->processRequest()
#24 Z:\home\galery\www\galery\index.php(14): CApplication->run()
#25 {main}
REQUEST_URI=/galery/index.php?r=albums/upload&id=15
HTTP_REFERER=http://galery/galery/index.php?r=albums/view&id=15
---
2012/04/18 12:39:39 [error] [exception.CException] exception 'CException' with message 'Property "Images.image" is not defined.' in Z:\home\galery\www\yii\framework\base\CComponent.php:174
Stack trace:
#0 Z:\home\galery\www\yii\framework\db\ar\CActiveRecord.php(160): CComponent->__set('image', NULL)
#1 Z:\home\galery\www\galery\protected\controllers\AlbumsController.php(174): CActiveRecord->__set('image', NULL)
#2 [internal function]: AlbumsController->actionUpload('15')
#3 Z:\home\galery\www\yii\framework\web\actions\CAction.php(107): ReflectionMethod->invokeArgs(Object(AlbumsController), Array)
#4 Z:\home\galery\www\yii\framework\web\actions\CInlineAction.php(48): CAction->runWithParamsInternal(Object(AlbumsController), Object(ReflectionMethod), Array)
#5 Z:\home\galery\www\yii\framework\web\CController.php(309): CInlineAction->runWithParams(Array)
#6 Z:\home\galery\www\yii\framework\web\filters\CFilterChain.php(134): CController->runAction(Object(CInlineAction))
#7 Z:\home\galery\www\yii\framework\web\filters\CFilter.php(41): CFilterChain->run()
#8 Z:\home\galery\www\yii\framework\web\CController.php(1146): CFilter->filter(Object(CFilterChain))
#9 Z:\home\galery\www\yii\framework\web\filters\CInlineFilter.php(59): CController->filterAccessControl(Object(CFilterChain))
#10 Z:\home\galery\www\yii\framework\web\filters\CFilterChain.php(131): CInlineFilter->filter(Object(CFilterChain))
#11 Z:\home\galery\www\yii\framework\web\CController.php(292): CFilterChain->run()
#12 Z:\home\galery\www\yii\framework\web\CController.php(266): CController->runActionWithFilters(Object(CInlineAction), Array)
#13 Z:\home\galery\www\yii\framework\web\CWebApplication.php(276): CController->run('upload')
#14 Z:\home\galery\www\yii\framework\web\CWebApplication.php(135): CWebApplication->runController('albums/upload')
#15 Z:\home\galery\www\yii\framework\base\CApplication.php(162): CWebApplication->processRequest()
#16 Z:\home\galery\www\galery\index.php(14): CApplication->run()
#17 {main}
REQUEST_URI=/galery/index.php?r=albums/upload&id=15
HTTP_REFERER=http://galery/galery/index.php?r=albums/upload&id=15
---
2012/04/18 12:41:13 [error] [exception.CException] exception 'CException' with message 'Property "Images.image" is not defined.' in Z:\home\galery\www\yii\framework\base\CComponent.php:174
Stack trace:
#0 Z:\home\galery\www\yii\framework\db\ar\CActiveRecord.php(160): CComponent->__set('image', NULL)
#1 Z:\home\galery\www\galery\protected\controllers\AlbumsController.php(174): CActiveRecord->__set('image', NULL)
#2 [internal function]: AlbumsController->actionUpload('15')
#3 Z:\home\galery\www\yii\framework\web\actions\CAction.php(107): ReflectionMethod->invokeArgs(Object(AlbumsController), Array)
#4 Z:\home\galery\www\yii\framework\web\actions\CInlineAction.php(48): CAction->runWithParamsInternal(Object(AlbumsController), Object(ReflectionMethod), Array)
#5 Z:\home\galery\www\yii\framework\web\CController.php(309): CInlineAction->runWithParams(Array)
#6 Z:\home\galery\www\yii\framework\web\filters\CFilterChain.php(134): CController->runAction(Object(CInlineAction))
#7 Z:\home\galery\www\yii\framework\web\filters\CFilter.php(41): CFilterChain->run()
#8 Z:\home\galery\www\yii\framework\web\CController.php(1146): CFilter->filter(Object(CFilterChain))
#9 Z:\home\galery\www\yii\framework\web\filters\CInlineFilter.php(59): CController->filterAccessControl(Object(CFilterChain))
#10 Z:\home\galery\www\yii\framework\web\filters\CFilterChain.php(131): CInlineFilter->filter(Object(CFilterChain))
#11 Z:\home\galery\www\yii\framework\web\CController.php(292): CFilterChain->run()
#12 Z:\home\galery\www\yii\framework\web\CController.php(266): CController->runActionWithFilters(Object(CInlineAction), Array)
#13 Z:\home\galery\www\yii\framework\web\CWebApplication.php(276): CController->run('upload')
#14 Z:\home\galery\www\yii\framework\web\CWebApplication.php(135): CWebApplication->runController('albums/upload')
#15 Z:\home\galery\www\yii\framework\base\CApplication.php(162): CWebApplication->processRequest()
#16 Z:\home\galery\www\galery\index.php(14): CApplication->run()
#17 {main}
REQUEST_URI=/galery/index.php?r=albums/upload&id=15
HTTP_REFERER=http://galery/galery/index.php?r=albums/upload&id=15
---
2012/04/18 15:10:52 [error] [php] move_uploaded_file(/image/16/15/diz.JPG) [<a href='function.move-uploaded-file'>function.move-uploaded-file</a>]: failed to open stream: No such file or directory (Z:\home\galery\www\yii\framework\web\CUploadedFile.php:197)
Stack trace:
#0 unknown(0): AlbumsController->actionUpload()
#1 Z:\home\galery\www\yii\framework\web\actions\CAction.php(107): ReflectionMethod->invokeArgs()
#2 Z:\home\galery\www\yii\framework\web\actions\CInlineAction.php(48): CInlineAction->runWithParamsInternal()
#3 Z:\home\galery\www\yii\framework\web\CController.php(309): CInlineAction->runWithParams()
#4 Z:\home\galery\www\yii\framework\web\filters\CFilterChain.php(134): AlbumsController->runAction()
#5 Z:\home\galery\www\yii\framework\web\filters\CFilter.php(41): CFilterChain->run()
#6 Z:\home\galery\www\yii\framework\web\CController.php(1146): CAccessControlFilter->filter()
#7 Z:\home\galery\www\yii\framework\web\filters\CInlineFilter.php(59): AlbumsController->filterAccessControl()
#8 Z:\home\galery\www\yii\framework\web\filters\CFilterChain.php(131): CInlineFilter->filter()
#9 Z:\home\galery\www\yii\framework\web\CController.php(292): CFilterChain->run()
#10 Z:\home\galery\www\yii\framework\web\CController.php(266): AlbumsController->runActionWithFilters()
#11 Z:\home\galery\www\yii\framework\web\CWebApplication.php(276): AlbumsController->run()
#12 Z:\home\galery\www\yii\framework\web\CWebApplication.php(135): CWebApplication->runController()
#13 Z:\home\galery\www\yii\framework\base\CApplication.php(162): CWebApplication->processRequest()
#14 Z:\home\galery\www\galery\index.php(14): CWebApplication->run()
REQUEST_URI=/galery/index.php?r=albums/upload&id=15
in Z:\home\galery\www\galery\protected\controllers\AlbumsController.php (180)
in Z:\home\galery\www\galery\index.php (14)
2012/04/18 15:14:05 [error] [php] move_uploaded_file(/images/16/15/diz.JPG) [<a href='function.move-uploaded-file'>function.move-uploaded-file</a>]: failed to open stream: No such file or directory (Z:\home\galery\www\yii\framework\web\CUploadedFile.php:197)
Stack trace:
#0 unknown(0): AlbumsController->actionUpload()
#1 Z:\home\galery\www\yii\framework\web\actions\CAction.php(107): ReflectionMethod->invokeArgs()
#2 Z:\home\galery\www\yii\framework\web\actions\CInlineAction.php(48): CInlineAction->runWithParamsInternal()
#3 Z:\home\galery\www\yii\framework\web\CController.php(309): CInlineAction->runWithParams()
#4 Z:\home\galery\www\yii\framework\web\filters\CFilterChain.php(134): AlbumsController->runAction()
#5 Z:\home\galery\www\yii\framework\web\filters\CFilter.php(41): CFilterChain->run()
#6 Z:\home\galery\www\yii\framework\web\CController.php(1146): CAccessControlFilter->filter()
#7 Z:\home\galery\www\yii\framework\web\filters\CInlineFilter.php(59): AlbumsController->filterAccessControl()
#8 Z:\home\galery\www\yii\framework\web\filters\CFilterChain.php(131): CInlineFilter->filter()
#9 Z:\home\galery\www\yii\framework\web\CController.php(292): CFilterChain->run()
#10 Z:\home\galery\www\yii\framework\web\CController.php(266): AlbumsController->runActionWithFilters()
#11 Z:\home\galery\www\yii\framework\web\CWebApplication.php(276): AlbumsController->run()
#12 Z:\home\galery\www\yii\framework\web\CWebApplication.php(135): CWebApplication->runController()
#13 Z:\home\galery\www\yii\framework\base\CApplication.php(162): CWebApplication->processRequest()
#14 Z:\home\galery\www\galery\index.php(14): CWebApplication->run()
REQUEST_URI=/galery/index.php?r=albums/upload&id=15
in Z:\home\galery\www\galery\protected\controllers\AlbumsController.php (182)
in Z:\home\galery\www\galery\index.php (14)
2012/04/18 15:15:43 [error] [php] move_uploaded_file(/images/16/15/diz.JPG) [<a href='function.move-uploaded-file'>function.move-uploaded-file</a>]: failed to open stream: No such file or directory (Z:\home\galery\www\yii\framework\web\CUploadedFile.php:197)
Stack trace:
#0 unknown(0): AlbumsController->actionUpload()
#1 Z:\home\galery\www\yii\framework\web\actions\CAction.php(107): ReflectionMethod->invokeArgs()
#2 Z:\home\galery\www\yii\framework\web\actions\CInlineAction.php(48): CInlineAction->runWithParamsInternal()
#3 Z:\home\galery\www\yii\framework\web\CController.php(309): CInlineAction->runWithParams()
#4 Z:\home\galery\www\yii\framework\web\filters\CFilterChain.php(134): AlbumsController->runAction()
#5 Z:\home\galery\www\yii\framework\web\filters\CFilter.php(41): CFilterChain->run()
#6 Z:\home\galery\www\yii\framework\web\CController.php(1146): CAccessControlFilter->filter()
#7 Z:\home\galery\www\yii\framework\web\filters\CInlineFilter.php(59): AlbumsController->filterAccessControl()
#8 Z:\home\galery\www\yii\framework\web\filters\CFilterChain.php(131): CInlineFilter->filter()
#9 Z:\home\galery\www\yii\framework\web\CController.php(292): CFilterChain->run()
#10 Z:\home\galery\www\yii\framework\web\CController.php(266): AlbumsController->runActionWithFilters()
#11 Z:\home\galery\www\yii\framework\web\CWebApplication.php(276): AlbumsController->run()
#12 Z:\home\galery\www\yii\framework\web\CWebApplication.php(135): CWebApplication->runController()
#13 Z:\home\galery\www\yii\framework\base\CApplication.php(162): CWebApplication->processRequest()
#14 Z:\home\galery\www\galery\index.php(14): CWebApplication->run()
REQUEST_URI=/galery/index.php?r=albums/upload&id=15
in Z:\home\galery\www\galery\protected\controllers\AlbumsController.php (182)
in Z:\home\galery\www\galery\index.php (14)
2012/04/18 15:17:46 [error] [php] move_uploaded_file(/images/16/15) [<a href='function.move-uploaded-file'>function.move-uploaded-file</a>]: failed to open stream: No such file or directory (Z:\home\galery\www\yii\framework\web\CUploadedFile.php:197)
Stack trace:
#0 unknown(0): AlbumsController->actionUpload()
#1 Z:\home\galery\www\yii\framework\web\actions\CAction.php(107): ReflectionMethod->invokeArgs()
#2 Z:\home\galery\www\yii\framework\web\actions\CInlineAction.php(48): CInlineAction->runWithParamsInternal()
#3 Z:\home\galery\www\yii\framework\web\CController.php(309): CInlineAction->runWithParams()
#4 Z:\home\galery\www\yii\framework\web\filters\CFilterChain.php(134): AlbumsController->runAction()
#5 Z:\home\galery\www\yii\framework\web\filters\CFilter.php(41): CFilterChain->run()
#6 Z:\home\galery\www\yii\framework\web\CController.php(1146): CAccessControlFilter->filter()
#7 Z:\home\galery\www\yii\framework\web\filters\CInlineFilter.php(59): AlbumsController->filterAccessControl()
#8 Z:\home\galery\www\yii\framework\web\filters\CFilterChain.php(131): CInlineFilter->filter()
#9 Z:\home\galery\www\yii\framework\web\CController.php(292): CFilterChain->run()
#10 Z:\home\galery\www\yii\framework\web\CController.php(266): AlbumsController->runActionWithFilters()
#11 Z:\home\galery\www\yii\framework\web\CWebApplication.php(276): AlbumsController->run()
#12 Z:\home\galery\www\yii\framework\web\CWebApplication.php(135): CWebApplication->runController()
#13 Z:\home\galery\www\yii\framework\base\CApplication.php(162): CWebApplication->processRequest()
#14 Z:\home\galery\www\galery\index.php(14): CWebApplication->run()
REQUEST_URI=/galery/index.php?r=albums/upload&id=15
in Z:\home\galery\www\galery\protected\controllers\AlbumsController.php (182)
in Z:\home\galery\www\galery\index.php (14)
2012/04/18 15:22:38 [error] [php] Object of class Images could not be converted to string (Z:\home\galery\www\yii\framework\db\schema\CDbCommandBuilder.php:358)
Stack trace:
#0 Z:\home\galery\www\galery\protected\models\Images.php(131): Images->count()
#1 Z:\home\galery\www\galery\protected\views\albums\_view.php(4): AlbumsController->getLastFromAlb()
#2 Z:\home\galery\www\yii\framework\web\CBaseController.php(127): require()
#3 Z:\home\galery\www\yii\framework\web\CBaseController.php(96): AlbumsController->renderInternal()
#4 Z:\home\galery\www\yii\framework\web\CController.php(870): AlbumsController->renderFile()
#5 Z:\home\galery\www\yii\framework\zii\widgets\CListView.php(242): AlbumsController->renderPartial()
#6 Z:\home\galery\www\yii\framework\zii\widgets\CBaseListView.php(158): CListView->renderItems()
#7 unknown(0): CListView->renderSection()
#8 Z:\home\galery\www\yii\framework\zii\widgets\CBaseListView.php(141): preg_replace_callback()
#9 Z:\home\galery\www\yii\framework\zii\widgets\CBaseListView.php(126): CListView->renderContent()
#10 Z:\home\galery\www\yii\framework\web\CBaseController.php(174): CListView->run()
#11 Z:\home\galery\www\galery\protected\views\albums\index.php(19): AlbumsController->widget()
#12 Z:\home\galery\www\yii\framework\web\CBaseController.php(127): require()
#13 Z:\home\galery\www\yii\framework\web\CBaseController.php(96): AlbumsController->renderInternal()
#14 Z:\home\galery\www\yii\framework\web\CController.php(870): AlbumsController->renderFile()
#15 Z:\home\galery\www\yii\framework\web\CController.php(783): AlbumsController->renderPartial()
#16 Z:\home\galery\www\galery\protected\controllers\AlbumsController.php(149): AlbumsController->render()
#17 unknown(0): AlbumsController->actionIndex()
#18 Z:\home\galery\www\yii\framework\web\actions\CAction.php(107): ReflectionMethod->invokeArgs()
#19 Z:\home\galery\www\yii\framework\web\actions\CInlineAction.php(48): CInlineAction->runWithParamsInternal()
#20 Z:\home\galery\www\yii\framework\web\CController.php(309): CInlineAction->runWithParams()
#21 Z:\home\galery\www\yii\framework\web\filters\CFilterChain.php(134): AlbumsController->runAction()
#22 Z:\home\galery\www\yii\framework\web\filters\CFilter.php(41): CFilterChain->run()
#23 Z:\home\galery\www\yii\framework\web\CController.php(1146): CAccessControlFilter->filter()
#24 Z:\home\galery\www\yii\framework\web\filters\CInlineFilter.php(59): AlbumsController->filterAccessControl()
#25 Z:\home\galery\www\yii\framework\web\filters\CFilterChain.php(131): CInlineFilter->filter()
#26 Z:\home\galery\www\yii\framework\web\CController.php(292): CFilterChain->run()
#27 Z:\home\galery\www\yii\framework\web\CController.php(266): AlbumsController->runActionWithFilters()
#28 Z:\home\galery\www\yii\framework\web\CWebApplication.php(276): AlbumsController->run()
#29 Z:\home\galery\www\yii\framework\web\CWebApplication.php(135): CWebApplication->runController()
#30 Z:\home\galery\www\yii\framework\base\CApplication.php(162): CWebApplication->processRequest()
#31 Z:\home\galery\www\galery\index.php(14): CWebApplication->run()
REQUEST_URI=/galery/index.php?r=albums/index&id=16
in Z:\home\galery\www\galery\protected\models\Images.php (131)
in Z:\home\galery\www\galery\protected\views\albums\_view.php (4)
in Z:\home\galery\www\galery\protected\views\albums\index.php (19)
2012/04/18 15:23:13 [error] [php] Object of class Images could not be converted to string (Z:\home\galery\www\yii\framework\db\schema\CDbCommandBuilder.php:358)
Stack trace:
#0 Z:\home\galery\www\galery\protected\models\Images.php(131): Images->count()
#1 Z:\home\galery\www\galery\protected\views\albums\_view.php(4): AlbumsController->getLastFromAlb()
#2 Z:\home\galery\www\yii\framework\web\CBaseController.php(127): require()
#3 Z:\home\galery\www\yii\framework\web\CBaseController.php(96): AlbumsController->renderInternal()
#4 Z:\home\galery\www\yii\framework\web\CController.php(870): AlbumsController->renderFile()
#5 Z:\home\galery\www\yii\framework\zii\widgets\CListView.php(242): AlbumsController->renderPartial()
#6 Z:\home\galery\www\yii\framework\zii\widgets\CBaseListView.php(158): CListView->renderItems()
#7 unknown(0): CListView->renderSection()
#8 Z:\home\galery\www\yii\framework\zii\widgets\CBaseListView.php(141): preg_replace_callback()
#9 Z:\home\galery\www\yii\framework\zii\widgets\CBaseListView.php(126): CListView->renderContent()
#10 Z:\home\galery\www\yii\framework\web\CBaseController.php(174): CListView->run()
#11 Z:\home\galery\www\galery\protected\views\albums\index.php(19): AlbumsController->widget()
#12 Z:\home\galery\www\yii\framework\web\CBaseController.php(127): require()
#13 Z:\home\galery\www\yii\framework\web\CBaseController.php(96): AlbumsController->renderInternal()
#14 Z:\home\galery\www\yii\framework\web\CController.php(870): AlbumsController->renderFile()
#15 Z:\home\galery\www\yii\framework\web\CController.php(783): AlbumsController->renderPartial()
#16 Z:\home\galery\www\galery\protected\controllers\AlbumsController.php(149): AlbumsController->render()
#17 unknown(0): AlbumsController->actionIndex()
#18 Z:\home\galery\www\yii\framework\web\actions\CAction.php(107): ReflectionMethod->invokeArgs()
#19 Z:\home\galery\www\yii\framework\web\actions\CInlineAction.php(48): CInlineAction->runWithParamsInternal()
#20 Z:\home\galery\www\yii\framework\web\CController.php(309): CInlineAction->runWithParams()
#21 Z:\home\galery\www\yii\framework\web\filters\CFilterChain.php(134): AlbumsController->runAction()
#22 Z:\home\galery\www\yii\framework\web\filters\CFilter.php(41): CFilterChain->run()
#23 Z:\home\galery\www\yii\framework\web\CController.php(1146): CAccessControlFilter->filter()
#24 Z:\home\galery\www\yii\framework\web\filters\CInlineFilter.php(59): AlbumsController->filterAccessControl()
#25 Z:\home\galery\www\yii\framework\web\filters\CFilterChain.php(131): CInlineFilter->filter()
#26 Z:\home\galery\www\yii\framework\web\CController.php(292): CFilterChain->run()
#27 Z:\home\galery\www\yii\framework\web\CController.php(266): AlbumsController->runActionWithFilters()
#28 Z:\home\galery\www\yii\framework\web\CWebApplication.php(276): AlbumsController->run()
#29 Z:\home\galery\www\yii\framework\web\CWebApplication.php(135): CWebApplication->runController()
#30 Z:\home\galery\www\yii\framework\base\CApplication.php(162): CWebApplication->processRequest()
#31 Z:\home\galery\www\galery\index.php(14): CWebApplication->run()
REQUEST_URI=/galery/index.php?r=albums/index&id=16
in Z:\home\galery\www\galery\protected\models\Images.php (131)
in Z:\home\galery\www\galery\protected\views\albums\_view.php (4)
in Z:\home\galery\www\galery\protected\views\albums\index.php (19)
2012/04/18 17:34:09 [error] [exception.CHttpException.400] exception 'CHttpException' with message 'Your request is invalid.' in Z:\home\galery\www\yii\framework\web\CController.php:337
Stack trace:
#0 Z:\home\galery\www\yii\framework\web\CController.php(310): CController->invalidActionParams(Object(CInlineAction))
#1 Z:\home\galery\www\yii\framework\web\filters\CFilterChain.php(134): CController->runAction(Object(CInlineAction))
#2 Z:\home\galery\www\yii\framework\web\filters\CFilter.php(41): CFilterChain->run()
#3 Z:\home\galery\www\yii\framework\web\CController.php(1146): CFilter->filter(Object(CFilterChain))
#4 Z:\home\galery\www\yii\framework\web\filters\CInlineFilter.php(59): CController->filterAccessControl(Object(CFilterChain))
#5 Z:\home\galery\www\yii\framework\web\filters\CFilterChain.php(131): CInlineFilter->filter(Object(CFilterChain))
#6 Z:\home\galery\www\yii\framework\web\CController.php(292): CFilterChain->run()
#7 Z:\home\galery\www\yii\framework\web\CController.php(266): CController->runActionWithFilters(Object(CInlineAction), Array)
#8 Z:\home\galery\www\yii\framework\web\CWebApplication.php(276): CController->run('view')
#9 Z:\home\galery\www\yii\framework\web\CWebApplication.php(135): CWebApplication->runController('albums/view')
#10 Z:\home\galery\www\yii\framework\base\CApplication.php(162): CWebApplication->processRequest()
#11 Z:\home\galery\www\galery\index.php(14): CApplication->run()
#12 {main}
REQUEST_URI=/galery/index.php?r=albums/view&0%5Bid%5D=16
HTTP_REFERER=http://galery/galery/index.php?r=albums/upload&id=16
---
2012/04/18 17:42:16 [error] [exception.CHttpException.400] exception 'CHttpException' with message 'Your request is invalid.' in Z:\home\galery\www\yii\framework\web\CController.php:337
Stack trace:
#0 Z:\home\galery\www\yii\framework\web\CController.php(310): CController->invalidActionParams(Object(CInlineAction))
#1 Z:\home\galery\www\yii\framework\web\filters\CFilterChain.php(134): CController->runAction(Object(CInlineAction))
#2 Z:\home\galery\www\yii\framework\web\filters\CFilter.php(41): CFilterChain->run()
#3 Z:\home\galery\www\yii\framework\web\CController.php(1146): CFilter->filter(Object(CFilterChain))
#4 Z:\home\galery\www\yii\framework\web\filters\CInlineFilter.php(59): CController->filterAccessControl(Object(CFilterChain))
#5 Z:\home\galery\www\yii\framework\web\filters\CFilterChain.php(131): CInlineFilter->filter(Object(CFilterChain))
#6 Z:\home\galery\www\yii\framework\web\CController.php(292): CFilterChain->run()
#7 Z:\home\galery\www\yii\framework\web\CController.php(266): CController->runActionWithFilters(Object(CInlineAction), Array)
#8 Z:\home\galery\www\yii\framework\web\CWebApplication.php(276): CController->run('view')
#9 Z:\home\galery\www\yii\framework\web\CWebApplication.php(135): CWebApplication->runController('albums/view')
#10 Z:\home\galery\www\yii\framework\base\CApplication.php(162): CWebApplication->processRequest()
#11 Z:\home\galery\www\galery\index.php(14): CApplication->run()
#12 {main}
REQUEST_URI=/galery/index.php?r=albums/view&0%5Bid%5D=16
HTTP_REFERER=http://galery/galery/index.php?r=albums/upload&id=16
---
2012/04/18 18:09:02 [error] [exception.CHttpException.404] exception 'CHttpException' with message 'Unable to resolve the request "index".' in Z:\home\galery\www\yii\framework\web\CWebApplication.php:280
Stack trace:
#0 Z:\home\galery\www\yii\framework\web\CWebApplication.php(135): CWebApplication->runController('index')
#1 Z:\home\galery\www\yii\framework\base\CApplication.php(162): CWebApplication->processRequest()
#2 Z:\home\galery\www\galery\index.php(14): CApplication->run()
#3 {main}
REQUEST_URI=/galery/index.php?r=index
---
2012/04/18 19:36:23 [error] [php] Missing argument 1 for Albums::getAlbumAuthor(), called in Z:\home\galery\www\galery\protected\controllers\AlbumsController.php on line 52 and defined (Z:\home\galery\www\galery\protected\models\Albums.php:151)
Stack trace:
#0 Z:\home\galery\www\yii\framework\web\actions\CAction.php(107): ReflectionMethod->invokeArgs()
#1 Z:\home\galery\www\yii\framework\web\actions\CInlineAction.php(48): CInlineAction->runWithParamsInternal()
#2 Z:\home\galery\www\yii\framework\web\CController.php(309): CInlineAction->runWithParams()
#3 Z:\home\galery\www\yii\framework\web\filters\CFilterChain.php(134): AlbumsController->runAction()
#4 Z:\home\galery\www\yii\framework\web\filters\CFilter.php(41): CFilterChain->run()
#5 Z:\home\galery\www\yii\framework\web\CController.php(1146): CAccessControlFilter->filter()
#6 Z:\home\galery\www\yii\framework\web\filters\CInlineFilter.php(59): AlbumsController->filterAccessControl()
#7 Z:\home\galery\www\yii\framework\web\filters\CFilterChain.php(131): CInlineFilter->filter()
#8 Z:\home\galery\www\yii\framework\web\CController.php(292): CFilterChain->run()
#9 Z:\home\galery\www\yii\framework\web\CController.php(266): AlbumsController->runActionWithFilters()
#10 Z:\home\galery\www\yii\framework\web\CWebApplication.php(276): AlbumsController->run()
#11 Z:\home\galery\www\yii\framework\web\CWebApplication.php(135): CWebApplication->runController()
#12 Z:\home\galery\www\yii\framework\base\CApplication.php(162): CWebApplication->processRequest()
#13 Z:\home\galery\www\galery\index.php(14): CWebApplication->run()
REQUEST_URI=/galery/index.php?r=albums/view&id=16
in Z:\home\galery\www\galery\protected\models\Albums.php (151)
in Z:\home\galery\www\galery\protected\controllers\AlbumsController.php (52)
in Z:\home\galery\www\galery\index.php (14)
2012/04/18 19:37:11 [error] [system.db.CDbCommand] CDbCommand::fetch() failed: SQLSTATE[42S22]: Column not found: 1054 Unknown column 'album_id' in 'where clause'. The SQL statement executed was: SELECT user_id FROM `tbl_albums` `t` WHERE album_id=:id LIMIT 1.
in Z:\home\galery\www\galery\protected\models\Albums.php (160)
in Z:\home\galery\www\galery\protected\controllers\AlbumsController.php (52)
in Z:\home\galery\www\galery\index.php (14)
2012/04/18 19:37:11 [error] [exception.CDbException] exception 'CDbException' with message 'CDbCommand failed to execute the SQL statement: SQLSTATE[42S22]: Column not found: 1054 Unknown column 'album_id' in 'where clause'. The SQL statement executed was: SELECT user_id FROM `tbl_albums` `t` WHERE album_id=:id LIMIT 1' in Z:\home\galery\www\yii\framework\db\CDbCommand.php:528
Stack trace:
#0 Z:\home\galery\www\yii\framework\db\CDbCommand.php(408): CDbCommand->queryInternal('fetch', Array, Array)
#1 Z:\home\galery\www\yii\framework\db\ar\CActiveRecord.php(1287): CDbCommand->queryRow()
#2 Z:\home\galery\www\yii\framework\db\ar\CActiveRecord.php(1392): CActiveRecord->query(Object(CDbCriteria))
#3 Z:\home\galery\www\galery\protected\models\Albums.php(160): CActiveRecord->find(Object(CDbCriteria))
#4 Z:\home\galery\www\galery\protected\controllers\AlbumsController.php(52): Albums->getAlbumAuthor('16')
#5 [internal function]: AlbumsController->actionView('16')
#6 Z:\home\galery\www\yii\framework\web\actions\CAction.php(107): ReflectionMethod->invokeArgs(Object(AlbumsController), Array)
#7 Z:\home\galery\www\yii\framework\web\actions\CInlineAction.php(48): CAction->runWithParamsInternal(Object(AlbumsController), Object(ReflectionMethod), Array)
#8 Z:\home\galery\www\yii\framework\web\CController.php(309): CInlineAction->runWithParams(Array)
#9 Z:\home\galery\www\yii\framework\web\filters\CFilterChain.php(134): CController->runAction(Object(CInlineAction))
#10 Z:\home\galery\www\yii\framework\web\filters\CFilter.php(41): CFilterChain->run()
#11 Z:\home\galery\www\yii\framework\web\CController.php(1146): CFilter->filter(Object(CFilterChain))
#12 Z:\home\galery\www\yii\framework\web\filters\CInlineFilter.php(59): CController->filterAccessControl(Object(CFilterChain))
#13 Z:\home\galery\www\yii\framework\web\filters\CFilterChain.php(131): CInlineFilter->filter(Object(CFilterChain))
#14 Z:\home\galery\www\yii\framework\web\CController.php(292): CFilterChain->run()
#15 Z:\home\galery\www\yii\framework\web\CController.php(266): CController->runActionWithFilters(Object(CInlineAction), Array)
#16 Z:\home\galery\www\yii\framework\web\CWebApplication.php(276): CController->run('view')
#17 Z:\home\galery\www\yii\framework\web\CWebApplication.php(135): CWebApplication->runController('albums/view')
#18 Z:\home\galery\www\yii\framework\base\CApplication.php(162): CWebApplication->processRequest()
#19 Z:\home\galery\www\galery\index.php(14): CApplication->run()
#20 {main}
REQUEST_URI=/galery/index.php?r=albums/view&id=16
HTTP_REFERER=http://galery/galery/index.php?r=albums/index&id=16
---
2012/04/18 19:38:34 [error] [php] urlencode() expects parameter 1 to be string, object given (Z:\home\galery\www\yii\framework\web\CUrlManager.php:437)
Stack trace:
#0 Z:\home\galery\www\yii\framework\web\CUrlManager.php(307): CUrlManager->createUrlDefault()
#1 Z:\home\galery\www\yii\framework\base\CApplication.php(524): CUrlManager->createUrl()
#2 Z:\home\galery\www\yii\framework\web\CController.php(968): CWebApplication->createUrl()
#3 Z:\home\galery\www\yii\framework\web\helpers\CHtml.php(1095): AlbumsController->createUrl()
#4 Z:\home\galery\www\yii\framework\web\helpers\CHtml.php(381): normalizeUrl()
#5 Z:\home\galery\www\yii\framework\zii\widgets\CMenu.php(240): link()
#6 Z:\home\galery\www\yii\framework\zii\widgets\CMenu.php(208): CMenu->renderMenuItem()
#7 Z:\home\galery\www\yii\framework\zii\widgets\CMenu.php(172): CMenu->renderMenuRecursive()
#8 Z:\home\galery\www\yii\framework\zii\widgets\CMenu.php(159): CMenu->renderMenu()
#9 Z:\home\galery\www\yii\framework\web\CBaseController.php(174): CMenu->run()
#10 Z:\home\galery\www\galery\protected\views\layouts\column2.php(16): AlbumsController->widget()
#11 Z:\home\galery\www\yii\framework\web\CBaseController.php(127): require()
#12 Z:\home\galery\www\yii\framework\web\CBaseController.php(96): AlbumsController->renderInternal()
#13 Z:\home\galery\www\yii\framework\web\CController.php(785): AlbumsController->renderFile()
#14 Z:\home\galery\www\galery\protected\controllers\AlbumsController.php(57): AlbumsController->render()
#15 unknown(0): AlbumsController->actionView()
#16 Z:\home\galery\www\yii\framework\web\actions\CAction.php(107): ReflectionMethod->invokeArgs()
#17 Z:\home\galery\www\yii\framework\web\actions\CInlineAction.php(48): CInlineAction->runWithParamsInternal()
#18 Z:\home\galery\www\yii\framework\web\CController.php(309): CInlineAction->runWithParams()
#19 Z:\home\galery\www\yii\framework\web\filters\CFilterChain.php(134): AlbumsController->runAction()
#20 Z:\home\galery\www\yii\framework\web\filters\CFilter.php(41): CFilterChain->run()
#21 Z:\home\galery\www\yii\framework\web\CController.php(1146): CAccessControlFilter->filter()
#22 Z:\home\galery\www\yii\framework\web\filters\CInlineFilter.php(59): AlbumsController->filterAccessControl()
#23 Z:\home\galery\www\yii\framework\web\filters\CFilterChain.php(131): CInlineFilter->filter()
#24 Z:\home\galery\www\yii\framework\web\CController.php(292): CFilterChain->run()
#25 Z:\home\galery\www\yii\framework\web\CController.php(266): AlbumsController->runActionWithFilters()
#26 Z:\home\galery\www\yii\framework\web\CWebApplication.php(276): AlbumsController->run()
#27 Z:\home\galery\www\yii\framework\web\CWebApplication.php(135): CWebApplication->runController()
#28 Z:\home\galery\www\yii\framework\base\CApplication.php(162): CWebApplication->processRequest()
#29 Z:\home\galery\www\galery\index.php(14): CWebApplication->run()
REQUEST_URI=/galery/index.php?r=albums/view&id=16
in Z:\home\galery\www\galery\protected\views\layouts\column2.php (16)
in Z:\home\galery\www\galery\protected\controllers\AlbumsController.php (57)
in Z:\home\galery\www\galery\index.php (14)
